<?xml version="1.0" encoding="UTF-8" ?>
<testsuite tests="4" failures="1" name="com.mycompany.tg6.EmprestimoTest" time="0.036" errors="0" skipped="0">
  <properties>
[...]
</properties>
  <testcase classname="com.mycompany.tg6.EmprestimoTest" name="com.mycompany.tg6.EmprestimoTest.testEspecial" time="0.003"/>
  <testcase classname="com.mycompany.tg6.EmprestimoTest" name="com.mycompany.tg6.EmprestimoTest.testSaldoValido" time="0"/>
  <testcase classname="com.mycompany.tg6.EmprestimoTest" name="com.mycompany.tg6.EmprestimoTest.testBomPagador" time="0"/>
  <testcase classname="com.mycompany.tg6.EmprestimoTest" name="com.mycompany.tg6.EmprestimoTest.testEmprestimoInvalido" time="0.033">
    <failure message="expected: &lt;true&gt; but was: &lt;false&gt;" type="org.opentest4j.AssertionFailedError">org.opentest4j.AssertionFailedError: expected: &lt;true&gt; but was: &lt;false&gt;
	at org.junit.jupiter.api.AssertionUtils.fail(AssertionUtils.java:55)
	at org.junit.jupiter.api.AssertionUtils.failNotEqual(AssertionUtils.java:62)
	at org.junit.jupiter.api.AssertEquals.assertEquals(AssertEquals.java:182)
	at org.junit.jupiter.api.AssertEquals.assertEquals(AssertEquals.java:177)
	at org.junit.jupiter.api.Assertions.assertEquals(Assertions.java:1124)
	at com.mycompany.tg6.EmprestimoTest.testEmprestimoInvalido(EmprestimoTest.java:35)
</failure>
  </testcase>
</testsuite>